<?xml version="1.0" encoding="UTF-8"?>
<testng-results ignored="0" total="2" passed="2" failed="0" skipped="0">
  <reporter-output>
  </reporter-output>
  <suite started-at="2022-12-21T10:32:50 IST" name="Default suite" finished-at="2022-12-21T10:32:50 IST" duration-ms="45">
    <groups>
      <group name="regression">
        <method signature="practiceJenkins2Test.test2Test()[pri:0, instance:com.jenkins.framework.practiceJenkins2Test@6d3a388c]" name="test2Test" class="com.jenkins.framework.practiceJenkins2Test"/>
      </group> <!-- regression -->
      <group name="sanity">
        <method signature="PracticeJenkinsTest.test1Test()[pri:0, instance:com.jenkins.framework.PracticeJenkinsTest@3c73951]" name="test1Test" class="com.jenkins.framework.PracticeJenkinsTest"/>
        <method signature="practiceJenkins2Test.test2Test()[pri:0, instance:com.jenkins.framework.practiceJenkins2Test@6d3a388c]" name="test2Test" class="com.jenkins.framework.practiceJenkins2Test"/>
      </group> <!-- sanity -->
    </groups>
    <test started-at="2022-12-21T10:32:50 IST" name="Default test" finished-at="2022-12-21T10:32:50 IST" duration-ms="45">
      <class name="com.jenkins.framework.practiceJenkins2Test">
        <test-method signature="test2Test()[pri:0, instance:com.jenkins.framework.practiceJenkins2Test@6d3a388c]" started-at="2022-12-21T10:32:50 IST" name="test2Test" finished-at="2022-12-21T10:32:50 IST" duration-ms="7" status="PASS">
          <reporter-output>
          </reporter-output>
        </test-method> <!-- test2Test -->
      </class> <!-- com.jenkins.framework.practiceJenkins2Test -->
      <class name="com.jenkins.framework.PracticeJenkinsTest">
        <test-method signature="test1Test()[pri:0, instance:com.jenkins.framework.PracticeJenkinsTest@3c73951]" started-at="2022-12-21T10:32:50 IST" name="test1Test" finished-at="2022-12-21T10:32:50 IST" duration-ms="0" status="PASS">
          <reporter-output>
          </reporter-output>
        </test-method> <!-- test1Test -->
      </class> <!-- com.jenkins.framework.PracticeJenkinsTest -->
    </test> <!-- Default test -->
  </suite> <!-- Default suite -->
</testng-results>
